Traceback (most recent call last):
  File "/home/tln229/ML_Changepoint_Detection_epigenomic_rnn/model/mlp/run_one.py", line 110, in <module>
    features_train = scaler.fit_transform(features_train)  # Fit on training data
                     ^^^^^^^^^^^^^^^^^^^^^^^^^^^^^^^^^^^^
  File "/home/tln229/.conda/envs/myenv/lib/python3.11/site-packages/sklearn/utils/_set_output.py", line 316, in wrapped
    data_to_wrap = f(self, X, *args, **kwargs)
                   ^^^^^^^^^^^^^^^^^^^^^^^^^^^
  File "/home/tln229/.conda/envs/myenv/lib/python3.11/site-packages/sklearn/base.py", line 1098, in fit_transform
    return self.fit(X, **fit_params).transform(X)
           ^^^^^^^^^^^^^^^^^^^^^^^^^
  File "/home/tln229/.conda/envs/myenv/lib/python3.11/site-packages/sklearn/preprocessing/_data.py", line 450, in fit
    return self.partial_fit(X, y)
           ^^^^^^^^^^^^^^^^^^^^^^
  File "/home/tln229/.conda/envs/myenv/lib/python3.11/site-packages/sklearn/base.py", line 1473, in wrapper
    return fit_method(estimator, *args, **kwargs)
           ^^^^^^^^^^^^^^^^^^^^^^^^^^^^^^^^^^^^^^
  File "/home/tln229/.conda/envs/myenv/lib/python3.11/site-packages/sklearn/preprocessing/_data.py", line 490, in partial_fit
    X = self._validate_data(
        ^^^^^^^^^^^^^^^^^^^^
  File "/home/tln229/.conda/envs/myenv/lib/python3.11/site-packages/sklearn/base.py", line 633, in _validate_data
    out = check_array(X, input_name="X", **check_params)
          ^^^^^^^^^^^^^^^^^^^^^^^^^^^^^^^^^^^^^^^^^^^^^^
  File "/home/tln229/.conda/envs/myenv/lib/python3.11/site-packages/sklearn/utils/validation.py", line 1064, in check_array
    _assert_all_finite(
  File "/home/tln229/.conda/envs/myenv/lib/python3.11/site-packages/sklearn/utils/validation.py", line 123, in _assert_all_finite
    _assert_all_finite_element_wise(
  File "/home/tln229/.conda/envs/myenv/lib/python3.11/site-packages/sklearn/utils/validation.py", line 172, in _assert_all_finite_element_wise
    raise ValueError(msg_err)
ValueError: Input X contains infinity or a value too large for dtype('float64').
